[10May2025 00:05:33.259] [Netty Epoll Server IO #0/WARN] [com.connectivity.Connectivity/]: Packet:ServerboundAcceptTeleportationPacket  id 0 larger than expected error detected, printing packet and buffer. Stacktrace gets logged after this
[10May2025 00:05:33.261] [Netty Epoll Server IO #0/WARN] [com.connectivity.Connectivity/]: Packet data:
{
  "f_133785_": 734070
}
[10May2025 00:05:33.261] [Netty Epoll Server IO #0/WARN] [com.connectivity.Connectivity/]: Packet:PooledUnsafeDirectByteBuf  id 0 data of 46 extra bytes: 
[10May2025 00:05:33.262] [Netty Epoll Server IO #0/WARN] [com.connectivity.Connectivity/]: Packet data:
[
  ";G.9MxCNO320YY-m!-"
]
[10May2025 00:13:03.290] [Server thread/INFO] [net.minecraft.world.entity.npc.Villager/]: Villager Villager['Unemployed'/2701, l='ServerLevel[world]', x=-335.11, y=-256.00, z=1107.57] died, message: 'Unemployed was killed'
[10May2025 00:15:38.594] [Server thread/WARN] [net.minecraft.world.level.storage.loot.functions.SetItemDamageFunction/]: Couldn't set damage of loot item 0 air
[10May2025 00:21:08.927] [Server thread/INFO] [net.minecraft.server.players.PlayerList/]: Santix15[/127.229.118.229:57077] logged in with entity id 3450 at (-516.6999999880791, -44.0, 1353.3002724849223)
[10May2025 00:21:08.946] [Server thread/INFO] [net.minecraft.server.MinecraftServer/]: Santix15 joined the game
[10May2025 00:21:08.989] [Server thread/INFO] [Jade/]: Syncing config to Santix15 (1f8cbd0f-e34f-3631-ad78-ab523f2938ae)
[10May2025 00:21:11.762] [Server thread/INFO] [voicechat/]: [voicechat] Received secret request of Santix15 (18)
[10May2025 00:21:11.763] [Server thread/INFO] [voicechat/]: [voicechat] Sent secret to Santix15
[10May2025 00:21:13.434] [Netty Epoll Server IO #1/WARN] [com.connectivity.Connectivity/]: Packet:ServerboundAcceptTeleportationPacket  id 0 larger than expected error detected, printing packet and buffer. Stacktrace gets logged after this
[10May2025 00:21:13.435] [Netty Epoll Server IO #1/WARN] [com.connectivity.Connectivity/]: Packet data:
{
  "f_133785_": 44
}
[10May2025 00:21:13.435] [Netty Epoll Server IO #1/WARN] [com.connectivity.Connectivity/]: Packet:PooledUnsafeDirectByteBuf  id 0 data of 48 extra bytes: 
[10May2025 00:21:13.435] [Netty Epoll Server IO #1/WARN] [com.connectivity.Connectivity/]: Packet data:
[
  "}ivYAM!336yRhZI-+"
]
[10May2025 00:21:26.028] [VoiceChatPacketProcessingThread/INFO] [voicechat/]: [voicechat] Successfully authenticated player 1f8cbd0f-e34f-3631-ad78-ab523f2938ae
[10May2025 00:21:27.047] [VoiceChatPacketProcessingThread/INFO] [voicechat/]: [voicechat] Successfully validated connection of player 1f8cbd0f-e34f-3631-ad78-ab523f2938ae
[10May2025 00:21:27.048] [VoiceChatPacketProcessingThread/INFO] [voicechat/]: [voicechat] Player Santix15 (1f8cbd0f-e34f-3631-ad78-ab523f2938ae) successfully connected to voice chat
[10May2025 00:21:41.074] [Server thread/INFO] [net.minecraft.server.MinecraftServer/]: [lobo3224: Teleported Santix15 to lobo3224]
[10May2025 00:22:05.656] [Server thread/INFO] [net.minecraft.server.MinecraftServer/]: [lobo3224: Set own game mode to Survival Mode]
[10May2025 00:22:11.382] [Server thread/INFO] [net.minecraft.server.MinecraftServer/]: [lobo3224: Made lobo3224 no longer a server operator]
[10May2025 00:22:19.746] [Server thread/WARN] [net.minecraft.world.level.storage.loot.functions.SetItemDamageFunction/]: Couldn't set damage of loot item 0 air
[10May2025 00:27:10.097] [Netty Epoll Server IO #3/WARN] [com.connectivity.Connectivity/]: Packet:ServerboundAcceptTeleportationPacket  id 0 larger than expected error detected, printing packet and buffer. Stacktrace gets logged after this
[10May2025 00:27:10.098] [Netty Epoll Server IO #3/WARN] [com.connectivity.Connectivity/]: Packet data:
{
  "f_133785_": 54
}
[10May2025 00:27:10.098] [Netty Epoll Server IO #3/WARN] [com.connectivity.Connectivity/]: Packet:PooledUnsafeDirectByteBuf  id 0 data of 48 extra bytes: 
[10May2025 00:27:10.099] [Netty Epoll Server IO #3/WARN] [com.connectivity.Connectivity/]: Packet data:
[
  "{j*>\\o$1L336'\\Y;em"
]
[10May2025 00:28:23.799] [Server thread/INFO] [net.minecraft.server.MinecraftServer/]: lobo3224 has made the advancement [Who is Cutting Onions?]
[10May2025 00:31:20.760] [Server thread/INFO] [net.minecraft.server.MinecraftServer/]: Made lobo3224 a server operator
[10May2025 00:31:28.255] [Server thread/INFO] [net.minecraft.server.MinecraftServer/]: [lobo3224: The difficulty has been set to Hard]
[10May2025 00:31:46.438] [Server thread/INFO] [net.minecraft.server.MinecraftServer/]: lobo3224 was slain by Zombie
[10May2025 00:33:09.070] [Netty Epoll Server IO #5/WARN] [com.connectivity.Connectivity/]: Packet:ServerboundAcceptTeleportationPacket  id 0 larger than expected error detected, printing packet and buffer. Stacktrace gets logged after this
[10May2025 00:33:09.071] [Netty Epoll Server IO #5/WARN] [com.connectivity.Connectivity/]: Packet data:
{
  "f_133785_": 6
}
[10May2025 00:33:09.071] [Netty Epoll Server IO #5/WARN] [com.connectivity.Connectivity/]: Packet:PooledUnsafeDirectByteBuf  id 0 data of 48 extra bytes: 
[10May2025 00:33:09.071] [Netty Epoll Server IO #5/WARN] [com.connectivity.Connectivity/]: Packet data:
[
  "KBxqbeq5E3363hD]/&"
]
[10May2025 00:34:47.669] [Netty Epoll Server IO #6/WARN] [com.connectivity.Connectivity/]: Packet:ServerboundBlockEntityTagQuery  id 1 larger than expected error detected, printing packet and buffer. Stacktrace gets logged after this
[10May2025 00:34:47.671] [Netty Epoll Server IO #6/WARN] [com.connectivity.Connectivity/]: Packet data:
{
  "f_133798_": 1,
  "f_133799_": "BlockPos{x=2622464, y=912, z=1073200}"
}
[10May2025 00:34:47.671] [Netty Epoll Server IO #6/WARN] [com.connectivity.Connectivity/]: Packet:PooledUnsafeDirectByteBuf  id 1 data of 11 extra bytes: 
[10May2025 00:34:47.671] [Netty Epoll Server IO #6/WARN] [com.connectivity.Connectivity/]: Packet data:
[
  "<partial numeric data>",
  "[-17, -79, -1, -40, 121, 41, -53, -105, -80, 29, 27]"
]
[10May2025 00:34:49.100] [Netty Epoll Server IO #0/WARN] [com.connectivity.Connectivity/]: Packet:ServerboundBlockEntityTagQuery  id 1 larger than expected error detected, printing packet and buffer. Stacktrace gets logged after this
[10May2025 00:34:49.100] [Netty Epoll Server IO #0/WARN] [com.connectivity.Connectivity/]: Packet data:
{
  "f_133798_": 1,
  "f_133799_": "BlockPos{x=2622464, y=1014, z=1073200}"
}
[10May2025 00:34:49.101] [Netty Epoll Server IO #0/WARN] [com.connectivity.Connectivity/]: Packet:PooledUnsafeDirectByteBuf  id 1 data of 11 extra bytes: 
[10May2025 00:34:49.101] [Netty Epoll Server IO #0/WARN] [com.connectivity.Connectivity/]: Packet data:
[
  "<partial numeric data>",
  "[122, -64, -31, -60, 102, -10, 101, -79, 0, -59, -21]"
]
[10May2025 00:34:51.025] [Netty Epoll Server IO #1/WARN] [com.connectivity.Connectivity/]: Packet:ServerboundBlockEntityTagQuery  id 1 larger than expected error detected, printing packet and buffer. Stacktrace gets logged after this
[10May2025 00:34:51.025] [Netty Epoll Server IO #1/WARN] [com.connectivity.Connectivity/]: Packet data:
{
  "f_133798_": 1,
  "f_133799_": "BlockPos{x=2622464, y=1008, z=1073200}"
}
[10May2025 00:34:51.025] [Netty Epoll Server IO #1/WARN] [com.connectivity.Connectivity/]: Packet:PooledUnsafeDirectByteBuf  id 1 data of 11 extra bytes: 
[10May2025 00:34:51.026] [Netty Epoll Server IO #1/WARN] [com.connectivity.Connectivity/]: Packet data:
[
  "<partial numeric data>",
  "[124, -41, -96, 90, 124, -67, -47, 41, 56, -122, -65]"
]
[10May2025 00:34:51.501] [Netty Epoll Server IO #2/WARN] [com.connectivity.Connectivity/]: Packet:ServerboundBlockEntityTagQuery  id 1 larger than expected error detected, printing packet and buffer. Stacktrace gets logged after this
[10May2025 00:34:51.502] [Netty Epoll Server IO #2/WARN] [com.connectivity.Connectivity/]: Packet data:
{
  "f_133798_": 1,
  "f_133799_": "BlockPos{x=2622464, y=793, z=1073200}"
}
[10May2025 00:34:51.503] [Netty Epoll Server IO #2/WARN] [com.connectivity.Connectivity/]: Packet:PooledUnsafeDirectByteBuf  id 1 data of 11 extra bytes: 
[10May2025 00:34:51.503] [Netty Epoll Server IO #2/WARN] [com.connectivity.Connectivity/]: Packet data:
[
  "<partial numeric data>",
  "[103, -41, -31, -36, -26, -126, -63, 44, -118, 40, -21]"
]
[10May2025 00:34:51.654] [Netty Epoll Server IO #3/WARN] [com.connectivity.Connectivity/]: Packet:ServerboundBlockEntityTagQuery  id 1 larger than expected error detected, printing packet and buffer. Stacktrace gets logged after this
[10May2025 00:34:51.655] [Netty Epoll Server IO #3/WARN] [com.connectivity.Connectivity/]: Packet data:
{
  "f_133798_": 1,
  "f_133799_": "BlockPos{x=2622464, y=925, z=1073200}"
}
[10May2025 00:34:51.655] [Netty Epoll Server IO #3/WARN] [com.connectivity.Connectivity/]: Packet:PooledUnsafeDirectByteBuf  id 1 data of 11 extra bytes: 
[10May2025 00:34:51.655] [Netty Epoll Server IO #3/WARN] [com.connectivity.Connectivity/]: Packet data:
[
  "<partial numeric data>",
  "[-103, -29, -12, 42, 38, -69, 110, 15, 1, 115, -10]"
]
[10May2025 00:34:53.221] [Netty Epoll Server IO #4/WARN] [com.connectivity.Connectivity/]: Packet:ServerboundBlockEntityTagQuery  id 1 larger than expected error detected, printing packet and buffer. Stacktrace gets logged after this
[10May2025 00:34:53.222] [Netty Epoll Server IO #4/WARN] [com.connectivity.Connectivity/]: Packet data:
{
  "f_133798_": 1,
  "f_133799_": "BlockPos{x=5768192, y=988, z=1122352}"
}
[10May2025 00:34:53.222] [Netty Epoll Server IO #4/WARN] [com.connectivity.Connectivity/]: Packet:PooledUnsafeDirectByteBuf  id 1 data of 11 extra bytes: 
[10May2025 00:34:53.222] [Netty Epoll Server IO #4/WARN] [com.connectivity.Connectivity/]: Packet data:
[
  "<partial numeric data>",
  "[-88, -16, 46, -96, -7, -44, 98, -14, -29, 29, -110]"
]
[10May2025 00:34:53.483] [Netty Epoll Server IO #6/WARN] [com.connectivity.Connectivity/]: Packet:ServerboundBlockEntityTagQuery  id 1 larger than expected error detected, printing packet and buffer. Stacktrace gets logged after this
[10May2025 00:34:53.484] [Netty Epoll Server IO #6/WARN] [com.connectivity.Connectivity/]: Packet data:
{
  "f_133798_": 0,
  "f_133799_": "BlockPos{x=-8125440, y=1020, z=905264}"
}
[10May2025 00:34:53.484] [Netty Epoll Server IO #6/WARN] [com.connectivity.Connectivity/]: Packet:PooledUnsafeDirectByteBuf  id 1 data of 11 extra bytes: 
[10May2025 00:34:53.484] [Netty Epoll Server IO #6/WARN] [com.connectivity.Connectivity/]: Packet data:
[
  "<partial numeric data>",
  "[123, -69, 40, -55, -119, -71, 58, -78, -28, -112, 19]"
]
[10May2025 00:34:53.493] [Netty Epoll Server IO #5/WARN] [com.connectivity.Connectivity/]: Packet:ServerboundBlockEntityTagQuery  id 1 larger than expected error detected, printing packet and buffer. Stacktrace gets logged after this
[10May2025 00:34:53.493] [Netty Epoll Server IO #5/WARN] [com.connectivity.Connectivity/]: Packet data:
{
  "f_133798_": 1,
  "f_133799_": "BlockPos{x=2622464, y=1000, z=1073200}"
}
[10May2025 00:34:53.493] [Netty Epoll Server IO #5/WARN] [com.connectivity.Connectivity/]: Packet:PooledUnsafeDirectByteBuf  id 1 data of 11 extra bytes: 
[10May2025 00:34:53.494] [Netty Epoll Server IO #5/WARN] [com.connectivity.Connectivity/]: Packet data:
[
  "<partial numeric data>",
  "[42, -16, -113, -3, 86, 24, -62, 48, -76, 62, -67]"
]
[10May2025 00:34:53.755] [Netty Epoll Server IO #0/WARN] [com.connectivity.Connectivity/]: Packet:ServerboundBlockEntityTagQuery  id 1 larger than expected error detected, printing packet and buffer. Stacktrace gets logged after this
[10May2025 00:34:53.756] [Netty Epoll Server IO #0/WARN] [com.connectivity.Connectivity/]: Packet data:
{
  "f_133798_": 0,
  "f_133799_": "BlockPos{x=-11271168, y=966, z=856112}"
}
[10May2025 00:34:53.756] [Netty Epoll Server IO #0/WARN] [com.connectivity.Connectivity/]: Packet:PooledUnsafeDirectByteBuf  id 1 data of 11 extra bytes: 
[10May2025 00:34:53.756] [Netty Epoll Server IO #0/WARN] [com.connectivity.Connectivity/]: Packet data:
[
  "<partial numeric data>",
  "[83, 119, -127, 94, -50, -28, -75, 60, 54, -123, 79]"
]
[10May2025 00:34:55.430] [Server thread/INFO] [net.minecraft.server.MinecraftServer/]: Santix15 was slain by Beast Patient
[10May2025 00:39:14.142] [Netty Epoll Server IO #3/WARN] [com.connectivity.Connectivity/]: Packet:ServerboundAcceptTeleportationPacket  id 0 larger than expected error detected, printing packet and buffer. Stacktrace gets logged after this
[10May2025 00:39:14.142] [Netty Epoll Server IO #3/WARN] [com.connectivity.Connectivity/]: Packet data:
{
  "f_133785_": 50
}
[10May2025 00:39:14.142] [Netty Epoll Server IO #3/WARN] [com.connectivity.Connectivity/]: Packet:PooledUnsafeDirectByteBuf  id 0 data of 48 extra bytes: 
[10May2025 00:39:14.143] [Netty Epoll Server IO #3/WARN] [com.connectivity.Connectivity/]: Packet data:
[
  "-'4\"~XbBExY=1336{4BQ`"
]
[10May2025 00:40:39.136] [Server thread/WARN] [net.minecraft.server.network.ServerGamePacketListenerImpl/]: Santix15 moved wrongly!
[10May2025 00:40:50.801] [Server thread/WARN] [net.minecraft.server.network.ServerGamePacketListenerImpl/]: lobo3224 moved wrongly!
[10May2025 00:41:17.495] [Server thread/WARN] [net.minecraft.server.network.ServerGamePacketListenerImpl/]: Santix15 moved wrongly!
[10May2025 00:42:10.596] [Server thread/WARN] [net.minecraft.world.level.storage.loot.functions.SetItemDamageFunction/]: Couldn't set damage of loot item 0 air
[10May2025 00:42:49.298] [Server thread/WARN] [net.minecraft.server.network.ServerGamePacketListenerImpl/]: lobo3224 moved wrongly!
[10May2025 00:43:07.597] [Server thread/INFO] [net.minecraft.server.MinecraftServer/]: Santix15 was doomed to fall
[10May2025 00:43:07.948] [Server thread/WARN] [net.minecraft.world.level.storage.loot.functions.SetItemDamageFunction/]: Couldn't set damage of loot item 0 air
[10May2025 00:43:52.165] [Server thread/INFO] [net.minecraft.server.MinecraftServer/]: Made Santix15 a server operator
[10May2025 00:46:15.483] [Server thread/INFO] [net.minecraft.server.MinecraftServer/]: [Santix15: Teleported Santix15 to -481.500000, -38.500000, 1330.500000]
[10May2025 00:46:37.323] [Server thread/INFO] [net.minecraft.server.MinecraftServer/]: [Santix15: Teleported Santix15 to -671.500000, -11.500000, 1387.500000]
[10May2025 00:49:56.290] [Server thread/INFO] [net.minecraft.world.entity.npc.Villager/]: Villager Villager['Unemployed'/11835, l='ServerLevel[world]', x=200.81, y=-256.00, z=180.26] died, message: 'Unemployed was killed'
[10May2025 00:50:13.837] [Server thread/WARN] [net.minecraft.server.network.ServerGamePacketListenerImpl/]: lobo3224 moved wrongly!
[10May2025 00:50:53.081] [Server thread/WARN] [net.minecraft.server.network.ServerGamePacketListenerImpl/]: Santix15 moved wrongly!
[10May2025 00:51:36.756] [Server thread/WARN] [net.minecraft.server.network.ServerGamePacketListenerImpl/]: Santix15 moved wrongly!
[10May2025 00:56:12.003] [Server thread/INFO] [net.minecraft.server.MinecraftServer/]: Made Santix15 no longer a server operator
[10May2025 00:56:29.964] [Server thread/INFO] [net.minecraft.server.MinecraftServer/]: [lobo3224: Made lobo3224 no longer a server operator]
[10May2025 00:59:23.384] [Netty Epoll Server IO #5/WARN] [com.connectivity.Connectivity/]: Packet:ServerboundAcceptTeleportationPacket  id 0 larger than expected error detected, printing packet and buffer. Stacktrace gets logged after this
[10May2025 00:59:23.385] [Netty Epoll Server IO #5/WARN] [com.connectivity.Connectivity/]: Packet data:
{
  "f_133785_": 80
}
[10May2025 00:59:23.385] [Netty Epoll Server IO #5/WARN] [com.connectivity.Connectivity/]: Packet:PooledUnsafeDirectByteBuf  id 0 data of 48 extra bytes: 
[10May2025 00:59:23.385] [Netty Epoll Server IO #5/WARN] [com.connectivity.Connectivity/]: Packet data:
[
  "9eb$BV1-30xep320,l>K\\*s(E"
]
[10May2025 00:59:26.410] [Server thread/INFO] [net.minecraft.server.MinecraftServer/]: lobo3224 has made the advancement [Enchanter]
[10May2025 01:03:21.180] [Server thread/WARN] [net.minecraft.server.network.ServerGamePacketListenerImpl/]: Santix15 moved wrongly!
[10May2025 01:04:42.504] [Server thread/WARN] [net.minecraft.server.network.ServerGamePacketListenerImpl/]: Automobile (vehicle of Santix15) moved wrongly! 0.522752895924981
[10May2025 01:04:42.528] [Server thread/WARN] [net.minecraft.server.network.ServerGamePacketListenerImpl/]: Automobile (vehicle of Santix15) moved wrongly! 1.0479828579413208
[10May2025 01:04:42.599] [Server thread/WARN] [net.minecraft.server.network.ServerGamePacketListenerImpl/]: Automobile (vehicle of Santix15) moved wrongly! 1.5772971528352286
[10May2025 01:04:42.648] [Server thread/WARN] [net.minecraft.server.network.ServerGamePacketListenerImpl/]: Automobile (vehicle of Santix15) moved wrongly! 2.110667046784414
[10May2025 01:04:42.698] [Server thread/WARN] [net.minecraft.server.network.ServerGamePacketListenerImpl/]: Automobile (vehicle of Santix15) moved wrongly! 2.648064336981861
[10May2025 01:04:42.746] [Server thread/WARN] [net.minecraft.server.network.ServerGamePacketListenerImpl/]: Automobile (vehicle of Santix15) moved wrongly! 3.1864615877942413
[10May2025 01:04:42.797] [Server thread/WARN] [net.minecraft.server.network.ServerGamePacketListenerImpl/]: Automobile (vehicle of Santix15) moved wrongly! 3.725857088172603
[10May2025 01:04:42.853] [Server thread/WARN] [net.minecraft.server.network.ServerGamePacketListenerImpl/]: Automobile (vehicle of Santix15) moved wrongly! 4.266249186069672
[10May2025 01:04:42.902] [Server thread/WARN] [net.minecraft.server.network.ServerGamePacketListenerImpl/]: Automobile (vehicle of Santix15) moved wrongly! 4.807636170436467
[10May2025 01:04:42.950] [Server thread/WARN] [net.minecraft.server.network.ServerGamePacketListenerImpl/]: Automobile (vehicle of Santix15) moved wrongly! 5.350016389225743
[10May2025 01:04:43.000] [Server thread/WARN] [net.minecraft.server.network.ServerGamePacketListenerImpl/]: Automobile (vehicle of Santix15) moved wrongly! 5.893388190390198
[10May2025 01:04:43.048] [Server thread/WARN] [net.minecraft.server.network.ServerGamePacketListenerImpl/]: Automobile (vehicle of Santix15) moved wrongly! 0.5443616867518131
[10May2025 01:04:43.099] [Server thread/WARN] [net.minecraft.server.network.ServerGamePacketListenerImpl/]: Automobile (vehicle of Santix15) moved wrongly! 0.5453499650583353
[10May2025 01:04:43.150] [Server thread/WARN] [net.minecraft.server.network.ServerGamePacketListenerImpl/]: Automobile (vehicle of Santix15) moved wrongly! 1.0916865563758904
[10May2025 01:04:43.198] [Server thread/WARN] [net.minecraft.server.network.ServerGamePacketListenerImpl/]: Automobile (vehicle of Santix15) moved wrongly! 1.6390081219053343
[10May2025 01:04:43.226] [Server thread/WARN] [net.minecraft.server.network.ServerGamePacketListenerImpl/]: Automobile (vehicle of Santix15) moved wrongly! 0.5483049466957084
[10May2025 01:04:43.298] [Server thread/WARN] [net.minecraft.server.network.ServerGamePacketListenerImpl/]: Automobile (vehicle of Santix15) moved wrongly! 1.0975916225103504
[10May2025 01:04:43.311] [Server thread/WARN] [net.minecraft.server.network.ServerGamePacketListenerImpl/]: Automobile (vehicle of Santix15) moved wrongly! 1.622131219512596
[10May2025 01:04:43.400] [Server thread/WARN] [net.minecraft.server.network.ServerGamePacketListenerImpl/]: Automobile (vehicle of Santix15) moved wrongly! 0.4997925181898495
[10May2025 01:04:43.449] [Server thread/WARN] [net.minecraft.server.network.ServerGamePacketListenerImpl/]: Automobile (vehicle of Santix15) moved wrongly! 0.9748379280664778
[10May2025 01:04:43.497] [Server thread/WARN] [net.minecraft.server.network.ServerGamePacketListenerImpl/]: Automobile (vehicle of Santix15) moved wrongly! 1.4251362296298566
[10May2025 01:04:43.513] [Server thread/WARN] [net.minecraft.server.network.ServerGamePacketListenerImpl/]: Automobile (vehicle of Santix15) moved wrongly! 1.8506874228799859
[10May2025 01:04:43.584] [Server thread/WARN] [net.minecraft.server.network.ServerGamePacketListenerImpl/]: Automobile (vehicle of Santix15) moved wrongly! 0.4008040849369081
[10May2025 01:04:43.647] [Server thread/WARN] [net.minecraft.server.network.ServerGamePacketListenerImpl/]: Automobile (vehicle of Santix15) moved wrongly! 0.7768610615605667
[10May2025 01:04:43.699] [Server thread/WARN] [net.minecraft.server.network.ServerGamePacketListenerImpl/]: Automobile (vehicle of Santix15) moved wrongly! 0.38156950451494254
[10May2025 01:04:44.050] [Server thread/WARN] [net.minecraft.server.network.ServerGamePacketListenerImpl/]: Automobile (vehicle of Santix15) moved wrongly! 0.41832528578379424
[10May2025 01:04:44.097] [Server thread/WARN] [net.minecraft.server.network.ServerGamePacketListenerImpl/]: Automobile (vehicle of Santix15) moved wrongly! 0.8416661577253137
[10May2025 01:04:44.148] [Server thread/WARN] [net.minecraft.server.network.ServerGamePacketListenerImpl/]: Automobile (vehicle of Santix15) moved wrongly! 1.2699695438044785
[10May2025 01:04:44.197] [Server thread/WARN] [net.minecraft.server.network.ServerGamePacketListenerImpl/]: Automobile (vehicle of Santix15) moved wrongly! 0.43321448024403253
[10May2025 01:04:44.248] [Server thread/WARN] [net.minecraft.server.network.ServerGamePacketListenerImpl/]: Automobile (vehicle of Santix15) moved wrongly! 0.8712901982249264
[10May2025 01:04:44.298] [Server thread/WARN] [net.minecraft.server.network.ServerGamePacketListenerImpl/]: Automobile (vehicle of Santix15) moved wrongly! 1.318043052036245
[10May2025 01:04:44.347] [Server thread/WARN] [net.minecraft.server.network.ServerGamePacketListenerImpl/]: Automobile (vehicle of Santix15) moved wrongly! 1.7695420271612363
[10May2025 01:04:44.398] [Server thread/WARN] [net.minecraft.server.network.ServerGamePacketListenerImpl/]: Automobile (vehicle of Santix15) moved wrongly! 2.222250723179627
[10May2025 01:04:44.449] [Server thread/WARN] [net.minecraft.server.network.ServerGamePacketListenerImpl/]: Automobile (vehicle of Santix15) moved wrongly! 2.646222078770762
[10May2025 01:04:44.500] [Server thread/WARN] [net.minecraft.server.network.ServerGamePacketListenerImpl/]: Automobile (vehicle of Santix15) moved wrongly! 0.4060824028010188
[10May2025 01:04:44.530] [Server thread/WARN] [net.minecraft.server.network.ServerGamePacketListenerImpl/]: Automobile (vehicle of Santix15) moved wrongly! 0.785327974781211
[10May2025 01:04:44.599] [Server thread/WARN] [net.minecraft.server.network.ServerGamePacketListenerImpl/]: Automobile (vehicle of Santix15) moved wrongly! 1.1370775177026928
[10May2025 01:04:44.648] [Server thread/WARN] [net.minecraft.server.network.ServerGamePacketListenerImpl/]: Automobile (vehicle of Santix15) moved wrongly! 1.4609432089480947
[10May2025 01:04:44.696] [Server thread/WARN] [net.minecraft.server.network.ServerGamePacketListenerImpl/]: Automobile (vehicle of Santix15) moved wrongly! 0.30574567184902435
[10May2025 01:04:44.747] [Server thread/WARN] [net.minecraft.server.network.ServerGamePacketListenerImpl/]: Automobile (vehicle of Santix15) moved wrongly! 0.5873970826095558
[10May2025 01:04:44.798] [Server thread/WARN] [net.minecraft.server.network.ServerGamePacketListenerImpl/]: Automobile (vehicle of Santix15) moved wrongly! 0.8443766815314007
[10May2025 01:06:22.800] [Server thread/WARN] [net.minecraft.world.level.storage.loot.functions.SetItemDamageFunction/]: Couldn't set damage of loot item 0 air
[10May2025 01:06:27.579] [Netty Epoll Server IO #7/WARN] [com.connectivity.Connectivity/]: Packet:ServerboundAcceptTeleportationPacket  id 0 larger than expected error detected, printing packet and buffer. Stacktrace gets logged after this
[10May2025 01:06:27.579] [Netty Epoll Server IO #7/WARN] [com.connectivity.Connectivity/]: Packet data:
{
  "f_133785_": 13005
}
[10May2025 01:06:27.579] [Netty Epoll Server IO #7/WARN] [com.connectivity.Connectivity/]: Packet:PooledUnsafeDirectByteBuf  id 0 data of 47 extra bytes: 
[10May2025 01:06:27.580] [Netty Epoll Server IO #7/WARN] [com.connectivity.Connectivity/]: Packet data:
[
  "w.-HF6b$W320qcFf"
]
[10May2025 01:07:26.117] [Server thread/INFO] [net.minecraft.server.MinecraftServer/]: lobo3224 was slain by Beast Patient
[10May2025 01:08:22.154] [Server thread/WARN] [net.minecraft.world.level.storage.loot.functions.SetItemDamageFunction/]: Couldn't set damage of loot item 0 air
[10May2025 01:08:47.575] [Server thread/INFO] [net.minecraft.server.MinecraftServer/]: lobo3224 was slain by Beast Patient
[10May2025 01:09:49.290] [Server thread/INFO] [net.minecraft.world.entity.npc.Villager/]: Villager Villager['Unemployed'/19738, l='ServerLevel[world]', x=-335.11, y=-256.00, z=1107.57] died, message: 'Unemployed was killed'
[10May2025 01:09:56.646] [Server thread/WARN] [net.minecraft.server.network.ServerGamePacketListenerImpl/]: Automobile (vehicle of Santix15) moved wrongly! 0.5399560813594633
[10May2025 01:09:56.700] [Server thread/WARN] [net.minecraft.server.network.ServerGamePacketListenerImpl/]: Automobile (vehicle of Santix15) moved wrongly! 1.0800631128720966
[10May2025 01:09:57.078] [Server thread/WARN] [net.minecraft.server.network.ServerGamePacketListenerImpl/]: Automobile (vehicle of Santix15) moved wrongly! 1.6217950820104363
[10May2025 01:09:57.181] [Server thread/WARN] [net.minecraft.server.network.ServerGamePacketListenerImpl/]: Automobile (vehicle of Santix15) moved wrongly! 0.5486463949913514
[10May2025 01:09:57.245] [Server thread/WARN] [net.minecraft.server.network.ServerGamePacketListenerImpl/]: Automobile (vehicle of Santix15) moved wrongly! 1.09828513246552
[10May2025 01:09:57.546] [Server thread/WARN] [net.minecraft.server.network.ServerGamePacketListenerImpl/]: Automobile (vehicle of Santix15) moved wrongly! 0.5555585470593201
[10May2025 01:09:57.595] [Server thread/WARN] [net.minecraft.server.network.ServerGamePacketListenerImpl/]: Automobile (vehicle of Santix15) moved wrongly! 1.1120981006317265
[10May2025 01:09:57.948] [Server thread/WARN] [net.minecraft.server.network.ServerGamePacketListenerImpl/]: Automobile (vehicle of Santix15) moved wrongly! 0.5556421593451262
[10May2025 01:09:57.999] [Server thread/WARN] [net.minecraft.server.network.ServerGamePacketListenerImpl/]: Automobile (vehicle of Santix15) moved wrongly! 1.0961367193291096
[10May2025 01:09:58.351] [Server thread/WARN] [net.minecraft.server.network.ServerGamePacketListenerImpl/]: Automobile (vehicle of Santix15) moved wrongly! 0.5346997193670973
[10May2025 01:09:58.398] [Server thread/WARN] [net.minecraft.server.network.ServerGamePacketListenerImpl/]: Automobile (vehicle of Santix15) moved wrongly! 0.5244593436588048
[10May2025 01:09:58.449] [Server thread/WARN] [net.minecraft.server.network.ServerGamePacketListenerImpl/]: Automobile (vehicle of Santix15) moved wrongly! 1.034860610397459
[10May2025 01:09:58.947] [Server thread/WARN] [net.minecraft.server.network.ServerGamePacketListenerImpl/]: Automobile (vehicle of Santix15) moved wrongly! 0.2736138551491365
[10May2025 01:09:59.050] [Server thread/WARN] [net.minecraft.server.network.ServerGamePacketListenerImpl/]: Automobile (vehicle of Santix15) moved wrongly! 0.5164491420192405
[10May2025 01:09:59.051] [Server thread/WARN] [net.minecraft.server.network.ServerGamePacketListenerImpl/]: Automobile (vehicle of Santix15) moved wrongly! 1.0440552912564556
[10May2025 01:09:59.547] [Server thread/WARN] [net.minecraft.server.network.ServerGamePacketListenerImpl/]: Automobile (vehicle of Santix15) moved wrongly! 0.5598903118597036
[10May2025 01:09:59.599] [Server thread/WARN] [net.minecraft.server.network.ServerGamePacketListenerImpl/]: Automobile (vehicle of Santix15) moved wrongly! 1.123319039552399
[10May2025 01:11:31.351] [Server thread/INFO] [net.minecraft.server.MinecraftServer/]: Santix15 has made the advancement [Magery]
[10May2025 01:12:40.583] [Server thread/INFO] [net.minecraft.server.MinecraftServer/]: Santix15 has reached the goal [Quaint Scribe]
[10May2025 01:19:07.768] [Netty Epoll Server IO #1/WARN] [com.connectivity.Connectivity/]: Packet:ServerboundAcceptTeleportationPacket  id 0 larger than expected error detected, printing packet and buffer. Stacktrace gets logged after this
[10May2025 01:19:07.769] [Netty Epoll Server IO #1/WARN] [com.connectivity.Connectivity/]: Packet data:
{
  "f_133785_": 29
}
[10May2025 01:19:07.769] [Netty Epoll Server IO #1/WARN] [com.connectivity.Connectivity/]: Packet:PooledUnsafeDirectByteBuf  id 0 data of 48 extra bytes: 
[10May2025 01:19:07.769] [Netty Epoll Server IO #1/WARN] [com.connectivity.Connectivity/]: Packet data:
[
  "kE_g/;tn320@,I:AG"
]
[10May2025 01:21:11.026] [Netty Epoll Server IO #2/WARN] [com.connectivity.Connectivity/]: Packet:ServerboundAcceptTeleportationPacket  id 0 larger than expected error detected, printing packet and buffer. Stacktrace gets logged after this
[10May2025 01:21:11.026] [Netty Epoll Server IO #2/WARN] [com.connectivity.Connectivity/]: Packet data:
{
  "f_133785_": 124
}
[10May2025 01:21:11.026] [Netty Epoll Server IO #2/WARN] [com.connectivity.Connectivity/]: Packet:PooledUnsafeDirectByteBuf  id 0 data of 48 extra bytes: 
[10May2025 01:21:11.026] [Netty Epoll Server IO #2/WARN] [com.connectivity.Connectivity/]: Packet data:
[
  "cP]6:jEunv}(VHF304P|(es=^"
]
[10May2025 01:22:23.496] [Server thread/INFO] [net.minecraft.server.network.ServerGamePacketListenerImpl/]: lobo3224 lost connection: Disconnected
[10May2025 01:22:23.497] [Server thread/INFO] [net.minecraft.server.MinecraftServer/]: lobo3224 left the game
[10May2025 01:22:23.499] [Server thread/INFO] [voicechat/]: [voicechat] Disconnecting client lobo3224
[10May2025 01:22:34.103] [Server thread/INFO] [net.minecraft.server.MinecraftServer/]: Stopping the server
[10May2025 01:22:34.139] [Server thread/INFO] [com.yellowbrossproductions.illageandspillage.IllageAndSpillage/]: Removed entity.illageandspillage.boss_randomizer from Raids to prevent a post-mod-removal crash
[10May2025 01:22:34.140] [Server thread/INFO] [com.yellowbrossproductions.illageandspillage.IllageAndSpillage/]: Removed entity.illageandspillage.igniter from Raids to prevent a post-mod-removal crash
[10May2025 01:22:34.140] [Server thread/INFO] [com.yellowbrossproductions.illageandspillage.IllageAndSpillage/]: Removed entity.illageandspillage.engineer from Raids to prevent a post-mod-removal crash
[10May2025 01:22:34.140] [Server thread/INFO] [com.yellowbrossproductions.illageandspillage.IllageAndSpillage/]: Removed entity.illageandspillage.twittollager from Raids to prevent a post-mod-removal crash
[10May2025 01:22:34.140] [Server thread/INFO] [com.yellowbrossproductions.illageandspillage.IllageAndSpillage/]: Removed entity.illageandspillage.magispeller from Raids to prevent a post-mod-removal crash
[10May2025 01:22:34.140] [Server thread/INFO] [com.yellowbrossproductions.illageandspillage.IllageAndSpillage/]: Removed entity.illageandspillage.spiritcaller from Raids to prevent a post-mod-removal crash
[10May2025 01:22:34.140] [Server thread/INFO] [com.yellowbrossproductions.illageandspillage.IllageAndSpillage/]: Removed entity.illageandspillage.crocofang from Raids to prevent a post-mod-removal crash
[10May2025 01:22:34.140] [Server thread/INFO] [com.yellowbrossproductions.illageandspillage.IllageAndSpillage/]: Removed entity.illageandspillage.absorber from Raids to prevent a post-mod-removal crash
[10May2025 01:22:34.140] [Server thread/INFO] [com.yellowbrossproductions.illageandspillage.IllageAndSpillage/]: Removed entity.illageandspillage.preserver from Raids to prevent a post-mod-removal crash
[10May2025 01:22:34.141] [Server thread/INFO] [com.yellowbrossproductions.illageandspillage.IllageAndSpillage/]: Removed entity.illageandspillage.freakager from Raids to prevent a post-mod-removal crash
[10May2025 01:22:34.141] [Server thread/INFO] [com.yellowbrossproductions.illageandspillage.IllageAndSpillage/]: Removed entity.illageandspillage.old_freakager from Raids to prevent a post-mod-removal crash
[10May2025 01:22:34.141] [Server thread/INFO] [com.yellowbrossproductions.illageandspillage.IllageAndSpillage/]: Removed entity.illageandspillage.old_magispeller from Raids to prevent a post-mod-removal crash
[10May2025 01:22:34.148] [Server thread/INFO] [net.minecraft.server.MinecraftServer/]: Stopping server
[10May2025 01:22:34.149] [Server thread/INFO] [net.minecraft.server.MinecraftServer/]: Saving players
[10May2025 01:22:34.159] [Server thread/INFO] [net.minecraft.server.network.ServerGamePacketListenerImpl/]: Santix15 lost connection: Server closed
[10May2025 01:22:34.160] [Server thread/INFO] [net.minecraft.server.MinecraftServer/]: Santix15 left the game
[10May2025 01:22:34.169] [Server thread/INFO] [net.minecraft.server.MinecraftServer/]: Saving worlds
[10May2025 01:22:34.335] [Server thread/INFO] [net.minecraft.server.MinecraftServer/]: Saving chunks for level 'ServerLevel[world]'/minecraft:overworld
[10May2025 01:22:34.686] [Server thread/INFO] [net.minecraft.server.MinecraftServer/]: Saving chunks for level 'ServerLevel[world]'/minecraft:the_nether
[10May2025 01:22:34.686] [Server thread/INFO] [net.minecraft.server.MinecraftServer/]: Saving chunks for level 'ServerLevel[world]'/minecraft:the_end
[10May2025 01:22:34.687] [Server thread/INFO] [net.minecraft.server.MinecraftServer/]: Saving chunks for level 'ServerLevel[world]'/graveyard:past
[10May2025 01:22:34.744] [Server thread/INFO] [net.minecraft.server.MinecraftServer/]: ThreadedAnvilChunkStorage (world): All chunks are saved
[10May2025 01:22:34.744] [Server thread/INFO] [net.minecraft.server.MinecraftServer/]: ThreadedAnvilChunkStorage (DIM-1): All chunks are saved
[10May2025 01:22:34.744] [Server thread/INFO] [net.minecraft.server.MinecraftServer/]: ThreadedAnvilChunkStorage (DIM1): All chunks are saved
[10May2025 01:22:34.744] [Server thread/INFO] [net.minecraft.server.MinecraftServer/]: ThreadedAnvilChunkStorage (past): All chunks are saved
[10May2025 01:22:34.744] [Server thread/INFO] [net.minecraft.server.MinecraftServer/]: ThreadedAnvilChunkStorage: All dimensions are saved
[10May2025 01:22:34.744] [Server thread/INFO] [com.yellowbrossproductions.illageandspillage.IllageAndSpillage/]: Removed entity.illageandspillage.boss_randomizer from Raids to prevent a post-mod-removal crash
[10May2025 01:22:34.744] [Server thread/INFO] [com.yellowbrossproductions.illageandspillage.IllageAndSpillage/]: Removed entity.illageandspillage.igniter from Raids to prevent a post-mod-removal crash
[10May2025 01:22:34.744] [Server thread/INFO] [com.yellowbrossproductions.illageandspillage.IllageAndSpillage/]: Removed entity.illageandspillage.engineer from Raids to prevent a post-mod-removal crash
[10May2025 01:22:34.744] [Server thread/INFO] [com.yellowbrossproductions.illageandspillage.IllageAndSpillage/]: Removed entity.illageandspillage.twittollager from Raids to prevent a post-mod-removal crash
[10May2025 01:22:34.744] [Server thread/INFO] [com.yellowbrossproductions.illageandspillage.IllageAndSpillage/]: Removed entity.illageandspillage.magispeller from Raids to prevent a post-mod-removal crash
[10May2025 01:22:34.744] [Server thread/INFO] [com.yellowbrossproductions.illageandspillage.IllageAndSpillage/]: Removed entity.illageandspillage.spiritcaller from Raids to prevent a post-mod-removal crash
[10May2025 01:22:34.744] [Server thread/INFO] [com.yellowbrossproductions.illageandspillage.IllageAndSpillage/]: Removed entity.illageandspillage.crocofang from Raids to prevent a post-mod-removal crash
[10May2025 01:22:34.744] [Server thread/INFO] [com.yellowbrossproductions.illageandspillage.IllageAndSpillage/]: Removed entity.illageandspillage.absorber from Raids to prevent a post-mod-removal crash
[10May2025 01:22:34.744] [Server thread/INFO] [com.yellowbrossproductions.illageandspillage.IllageAndSpillage/]: Removed entity.illageandspillage.preserver from Raids to prevent a post-mod-removal crash
[10May2025 01:22:34.745] [Server thread/INFO] [com.yellowbrossproductions.illageandspillage.IllageAndSpillage/]: Removed entity.illageandspillage.freakager from Raids to prevent a post-mod-removal crash
[10May2025 01:22:34.745] [Server thread/INFO] [com.yellowbrossproductions.illageandspillage.IllageAndSpillage/]: Removed entity.illageandspillage.old_freakager from Raids to prevent a post-mod-removal crash
[10May2025 01:22:34.745] [Server thread/INFO] [com.yellowbrossproductions.illageandspillage.IllageAndSpillage/]: Removed entity.illageandspillage.old_magispeller from Raids to prevent a post-mod-removal crash
[10May2025 01:22:34.756] [Server thread/INFO] [com.yellowbrossproductions.illageandspillage.IllageAndSpillage/]: Removed entity.illageandspillage.boss_randomizer from Raids to prevent a post-mod-removal crash
[10May2025 01:22:34.756] [Server thread/INFO] [com.yellowbrossproductions.illageandspillage.IllageAndSpillage/]: Removed entity.illageandspillage.igniter from Raids to prevent a post-mod-removal crash
[10May2025 01:22:34.756] [Server thread/INFO] [com.yellowbrossproductions.illageandspillage.IllageAndSpillage/]: Removed entity.illageandspillage.engineer from Raids to prevent a post-mod-removal crash
[10May2025 01:22:34.756] [Server thread/INFO] [com.yellowbrossproductions.illageandspillage.IllageAndSpillage/]: Removed entity.illageandspillage.twittollager from Raids to prevent a post-mod-removal crash
[10May2025 01:22:34.756] [Server thread/INFO] [com.yellowbrossproductions.illageandspillage.IllageAndSpillage/]: Removed entity.illageandspillage.magispeller from Raids to prevent a post-mod-removal crash
[10May2025 01:22:34.756] [Server thread/INFO] [com.yellowbrossproductions.illageandspillage.IllageAndSpillage/]: Removed entity.illageandspillage.spiritcaller from Raids to prevent a post-mod-removal crash
[10May2025 01:22:34.756] [Server thread/INFO] [com.yellowbrossproductions.illageandspillage.IllageAndSpillage/]: Removed entity.illageandspillage.crocofang from Raids to prevent a post-mod-removal crash
[10May2025 01:22:34.756] [Server thread/INFO] [com.yellowbrossproductions.illageandspillage.IllageAndSpillage/]: Removed entity.illageandspillage.absorber from Raids to prevent a post-mod-removal crash
[10May2025 01:22:34.756] [Server thread/INFO] [com.yellowbrossproductions.illageandspillage.IllageAndSpillage/]: Removed entity.illageandspillage.preserver from Raids to prevent a post-mod-removal crash
[10May2025 01:22:34.756] [Server thread/INFO] [com.yellowbrossproductions.illageandspillage.IllageAndSpillage/]: Removed entity.illageandspillage.freakager from Raids to prevent a post-mod-removal crash
[10May2025 01:22:34.756] [Server thread/INFO] [com.yellowbrossproductions.illageandspillage.IllageAndSpillage/]: Removed entity.illageandspillage.old_freakager from Raids to prevent a post-mod-removal crash
[10May2025 01:22:34.756] [Server thread/INFO] [com.yellowbrossproductions.illageandspillage.IllageAndSpillage/]: Removed entity.illageandspillage.old_magispeller from Raids to prevent a post-mod-removal crash
[10May2025 01:22:34.757] [Server thread/INFO] [com.yellowbrossproductions.illageandspillage.IllageAndSpillage/]: Removed entity.illageandspillage.boss_randomizer from Raids to prevent a post-mod-removal crash
[10May2025 01:22:34.757] [Server thread/INFO] [com.yellowbrossproductions.illageandspillage.IllageAndSpillage/]: Removed entity.illageandspillage.igniter from Raids to prevent a post-mod-removal crash
[10May2025 01:22:34.757] [Server thread/INFO] [com.yellowbrossproductions.illageandspillage.IllageAndSpillage/]: Removed entity.illageandspillage.engineer from Raids to prevent a post-mod-removal crash
[10May2025 01:22:34.757] [Server thread/INFO] [com.yellowbrossproductions.illageandspillage.IllageAndSpillage/]: Removed entity.illageandspillage.twittollager from Raids to prevent a post-mod-removal crash
[10May2025 01:22:34.757] [Server thread/INFO] [com.yellowbrossproductions.illageandspillage.IllageAndSpillage/]: Removed entity.illageandspillage.magispeller from Raids to prevent a post-mod-removal crash
[10May2025 01:22:34.757] [Server thread/INFO] [com.yellowbrossproductions.illageandspillage.IllageAndSpillage/]: Removed entity.illageandspillage.spiritcaller from Raids to prevent a post-mod-removal crash
[10May2025 01:22:34.757] [Server thread/INFO] [com.yellowbrossproductions.illageandspillage.IllageAndSpillage/]: Removed entity.illageandspillage.crocofang from Raids to prevent a post-mod-removal crash
[10May2025 01:22:34.757] [Server thread/INFO] [com.yellowbrossproductions.illageandspillage.IllageAndSpillage/]: Removed entity.illageandspillage.absorber from Raids to prevent a post-mod-removal crash
[10May2025 01:22:34.757] [Server thread/INFO] [com.yellowbrossproductions.illageandspillage.IllageAndSpillage/]: Removed entity.illageandspillage.preserver from Raids to prevent a post-mod-removal crash
[10May2025 01:22:34.757] [Server thread/INFO] [com.yellowbrossproductions.illageandspillage.IllageAndSpillage/]: Removed entity.illageandspillage.freakager from Raids to prevent a post-mod-removal crash
[10May2025 01:22:34.757] [Server thread/INFO] [com.yellowbrossproductions.illageandspillage.IllageAndSpillage/]: Removed entity.illageandspillage.old_freakager from Raids to prevent a post-mod-removal crash
[10May2025 01:22:34.757] [Server thread/INFO] [com.yellowbrossproductions.illageandspillage.IllageAndSpillage/]: Removed entity.illageandspillage.old_magispeller from Raids to prevent a post-mod-removal crash
[10May2025 01:22:34.758] [Server thread/INFO] [com.yellowbrossproductions.illageandspillage.IllageAndSpillage/]: Removed entity.illageandspillage.boss_randomizer from Raids to prevent a post-mod-removal crash
[10May2025 01:22:34.758] [Server thread/INFO] [com.yellowbrossproductions.illageandspillage.IllageAndSpillage/]: Removed entity.illageandspillage.igniter from Raids to prevent a post-mod-removal crash
[10May2025 01:22:34.758] [Server thread/INFO] [com.yellowbrossproductions.illageandspillage.IllageAndSpillage/]: Removed entity.illageandspillage.engineer from Raids to prevent a post-mod-removal crash
[10May2025 01:22:34.758] [Server thread/INFO] [com.yellowbrossproductions.illageandspillage.IllageAndSpillage/]: Removed entity.illageandspillage.twittollager from Raids to prevent a post-mod-removal crash
[10May2025 01:22:34.758] [Server thread/INFO] [com.yellowbrossproductions.illageandspillage.IllageAndSpillage/]: Removed entity.illageandspillage.magispeller from Raids to prevent a post-mod-removal crash
[10May2025 01:22:34.758] [Server thread/INFO] [com.yellowbrossproductions.illageandspillage.IllageAndSpillage/]: Removed entity.illageandspillage.spiritcaller from Raids to prevent a post-mod-removal crash
[10May2025 01:22:34.758] [Server thread/INFO] [com.yellowbrossproductions.illageandspillage.IllageAndSpillage/]: Removed entity.illageandspillage.crocofang from Raids to prevent a post-mod-removal crash
[10May2025 01:22:34.758] [Server thread/INFO] [com.yellowbrossproductions.illageandspillage.IllageAndSpillage/]: Removed entity.illageandspillage.absorber from Raids to prevent a post-mod-removal crash
[10May2025 01:22:34.758] [Server thread/INFO] [com.yellowbrossproductions.illageandspillage.IllageAndSpillage/]: Removed entity.illageandspillage.preserver from Raids to prevent a post-mod-removal crash
[10May2025 01:22:34.758] [Server thread/INFO] [com.yellowbrossproductions.illageandspillage.IllageAndSpillage/]: Removed entity.illageandspillage.freakager from Raids to prevent a post-mod-removal crash
[10May2025 01:22:34.759] [Server thread/INFO] [com.yellowbrossproductions.illageandspillage.IllageAndSpillage/]: Removed entity.illageandspillage.old_freakager from Raids to prevent a post-mod-removal crash
[10May2025 01:22:34.759] [Server thread/INFO] [com.yellowbrossproductions.illageandspillage.IllageAndSpillage/]: Removed entity.illageandspillage.old_magispeller from Raids to prevent a post-mod-removal crash
[10May2025 01:22:34.766] [Server thread/INFO] [Framework/]: Unloading server configs...
[10May2025 01:22:34.768] [Server thread/INFO] [Framework/]: Sending config unload event for refurbished_furniture.server.toml
[10May2025 01:22:34.769] [Server thread/INFO] [Framework/]: Sending config unload event for backpacked.server.toml
[10May2025 01:22:34.769] [Server thread/INFO] [Framework/]: Finished unloading server configs
